ic| BASE_DIR: PosixPath('/home/redmine/youtility4_icici')
ic| STATICFILES_DIRS: ['/home/redmine/youtility4_icici/frontend/static']
ic| BASE_DIR: PosixPath('/home/redmine/youtility4_icici')
ic| STATICFILES_DIRS: ['/home/redmine/youtility4_icici/frontend/static']
 2022-09-24 19:49:56,878  INFO        from method: run_with_reloader                 << Watching for file changes with StatReloader >>
Performing system checks...

 2022-09-24 19:49:56,996  WARNING     from method: ModelSchemaField                  << <class 'django.contrib.gis.db.models.fields.PointField'> is currently unhandled, defaulting to str. >>
System check identified no issues (0 silenced).
September 24, 2022 - 19:49:57
Django version 3.2.14, using settings 'intelliwiz_config.settings.prod_settings'
Starting development server at http://192.168.1.254:8000/
Quit the server with CONTROL-C.
Error: That port is already in use.
ic| BASE_DIR: PosixPath('/home/redmine/youtility4_icici')
ic| STATICFILES_DIRS: ['/home/redmine/youtility4_icici/frontend/static']
ic| BASE_DIR: PosixPath('/home/redmine/youtility4_icici')
ic| STATICFILES_DIRS: ['/home/redmine/youtility4_icici/frontend/static']
 2022-09-24 19:54:17,092  INFO        from method: run_with_reloader                 << Watching for file changes with StatReloader >>
Performing system checks...

 2022-09-24 19:54:17,213  WARNING     from method: ModelSchemaField                  << <class 'django.contrib.gis.db.models.fields.PointField'> is currently unhandled, defaulting to str. >>
System check identified no issues (0 silenced).
September 24, 2022 - 19:54:17
Django version 3.2.14, using settings 'intelliwiz_config.settings.prod_settings'
Starting development server at http://192.168.1.254:8000/
Quit the server with CONTROL-C.
Error: That port is already in use.
